Arguments: 
  /Users/willo/.nvm/versions/node/v16.3.0/bin/node /opt/homebrew/Cellar/yarn/1.22.11/libexec/bin/yarn.js init bakeboy-cli

PATH: 
  /Users/willo/.nvm/versions/node/v16.3.0/bin:/Users/willo/.pyenv/shims:/Users/willo/.pyenv/bin:/opt/homebrew/bin:/opt/homebrew/sbin:/usr/local/bin:/usr/bin:/bin:/usr/sbin:/sbin:/usr/local/go/bin:/usr/local/MacGPG2/bin:/Library/Apple/usr/bin:/Applications/Postgres.app/Contents/Versions/latest/bin:/Users/willo/code/go/bin:/Users/willo/.gem/ruby/2.6.0/bin:/Users/willo/Library/Python/3.8/bin:/Users/willo/Library/Android/sdk/tools:/Users/willo/Library/Android/sdk/platform-tools

Yarn version: 
  1.22.11

Node version: 
  16.3.0

Platform: 
  darwin arm64

Trace: 
  Error: canceled
      at Interface.<anonymous> (/opt/homebrew/Cellar/yarn/1.22.11/libexec/lib/cli.js:137023:13)
      at Interface.emit (node:events:394:28)
      at Interface._ttyWrite (node:readline:1069:16)
      at ReadStream.onkeypress (node:readline:288:10)
      at ReadStream.emit (node:events:394:28)
      at emitKeys (node:internal/readline/utils:358:14)
      at emitKeys.next (<anonymous>)
      at ReadStream.onData (node:internal/readline/emitKeypressEvents:61:36)
      at ReadStream.emit (node:events:394:28)
      at addChunk (node:internal/streams/readable:312:12)

npm manifest: 
  No manifest

yarn manifest: 
  No manifest

Lockfile: 
  No lockfile
